<?xml version="1.0" encoding="UTF-8"?>
<testng-results skipped="0" failed="1" total="6" passed="5">
  <reporter-output>
    <line>
      <![CDATA[Test testcase1 is passed]]>
    </line>
    <line>
      <![CDATA[Test testcase2 is passed]]>
    </line>
    <line>
      <![CDATA[Test testcase3 is passed]]>
    </line>
    <line>
      <![CDATA[testtestcase4 is failed]]>
    </line>
    <line>
      <![CDATA[Test testcase5 is passed]]>
    </line>
    <line>
      <![CDATA[Test testcase6 is passed]]>
    </line>
  </reporter-output>
  <suite name="Default suite" duration-ms="390962" started-at="2019-11-14T04:50:24Z" finished-at="2019-11-14T04:56:55Z">
    <groups>
    </groups>
    <test name="Default test" duration-ms="390962" started-at="2019-11-14T04:50:24Z" finished-at="2019-11-14T04:56:55Z">
      <class name="com.vtiger.Testpom.TestCreateInvoice">
        <test-method status="PASS" signature="OpenApp()[pri:0, instance:com.vtiger.Testpom.TestCreateInvoice@51081592]" name="OpenApp" is-config="true" duration-ms="12559" started-at="2019-11-14T10:20:24Z" finished-at="2019-11-14T10:20:37Z">
          <reporter-output>
          </reporter-output>
        </test-method> <!-- OpenApp -->
        <test-method status="PASS" signature="testcase1()[pri:0, instance:com.vtiger.Testpom.TestCreateInvoice@51081592]" name="testcase1" duration-ms="107012" started-at="2019-11-14T10:20:37Z" finished-at="2019-11-14T10:22:24Z">
          <reporter-output>
          </reporter-output>
        </test-method> <!-- testcase1 -->
        <test-method status="PASS" signature="closeApp(org.testng.ITestResult)[pri:0, instance:com.vtiger.Testpom.TestCreateInvoice@51081592]" name="closeApp" is-config="true" duration-ms="3" started-at="2019-11-14T10:22:24Z" finished-at="2019-11-14T10:22:24Z">
          <params>
            <param index="0">
              <value>
                <![CDATA[[TestResult name=testcase1 status=SUCCESS method=TestCreateInvoice.testcase1()[pri:0, instance:com.vtiger.Testpom.TestCreateInvoice@51081592] output={null}]]]>
              </value>
            </param>
          </params>
          <reporter-output>
            <line>
              <![CDATA[Test testcase1 is passed]]>
            </line>
          </reporter-output>
        </test-method> <!-- closeApp -->
        <test-method status="PASS" signature="OpenApp()[pri:0, instance:com.vtiger.Testpom.TestCreateInvoice@51081592]" name="OpenApp" is-config="true" duration-ms="8489" started-at="2019-11-14T10:22:24Z" finished-at="2019-11-14T10:22:32Z">
          <reporter-output>
          </reporter-output>
        </test-method> <!-- OpenApp -->
        <test-method status="PASS" signature="testcase2()[pri:0, instance:com.vtiger.Testpom.TestCreateInvoice@51081592]" name="testcase2" duration-ms="49647" started-at="2019-11-14T10:22:32Z" finished-at="2019-11-14T10:23:22Z">
          <reporter-output>
          </reporter-output>
        </test-method> <!-- testcase2 -->
        <test-method status="PASS" signature="closeApp(org.testng.ITestResult)[pri:0, instance:com.vtiger.Testpom.TestCreateInvoice@51081592]" name="closeApp" is-config="true" duration-ms="1" started-at="2019-11-14T10:23:22Z" finished-at="2019-11-14T10:23:22Z">
          <params>
            <param index="0">
              <value>
                <![CDATA[[TestResult name=testcase2 status=SUCCESS method=TestCreateInvoice.testcase2()[pri:0, instance:com.vtiger.Testpom.TestCreateInvoice@51081592] output={null}]]]>
              </value>
            </param>
          </params>
          <reporter-output>
            <line>
              <![CDATA[Test testcase2 is passed]]>
            </line>
          </reporter-output>
        </test-method> <!-- closeApp -->
        <test-method status="PASS" signature="OpenApp()[pri:0, instance:com.vtiger.Testpom.TestCreateInvoice@51081592]" name="OpenApp" is-config="true" duration-ms="9034" started-at="2019-11-14T10:23:22Z" finished-at="2019-11-14T10:23:31Z">
          <reporter-output>
          </reporter-output>
        </test-method> <!-- OpenApp -->
        <test-method status="PASS" signature="testcase3()[pri:0, instance:com.vtiger.Testpom.TestCreateInvoice@51081592]" name="testcase3" duration-ms="40608" started-at="2019-11-14T10:23:31Z" finished-at="2019-11-14T10:24:11Z">
          <reporter-output>
          </reporter-output>
        </test-method> <!-- testcase3 -->
        <test-method status="PASS" signature="closeApp(org.testng.ITestResult)[pri:0, instance:com.vtiger.Testpom.TestCreateInvoice@51081592]" name="closeApp" is-config="true" duration-ms="0" started-at="2019-11-14T10:24:11Z" finished-at="2019-11-14T10:24:11Z">
          <params>
            <param index="0">
              <value>
                <![CDATA[[TestResult name=testcase3 status=SUCCESS method=TestCreateInvoice.testcase3()[pri:0, instance:com.vtiger.Testpom.TestCreateInvoice@51081592] output={null}]]]>
              </value>
            </param>
          </params>
          <reporter-output>
            <line>
              <![CDATA[Test testcase3 is passed]]>
            </line>
          </reporter-output>
        </test-method> <!-- closeApp -->
        <test-method status="PASS" signature="OpenApp()[pri:0, instance:com.vtiger.Testpom.TestCreateInvoice@51081592]" name="OpenApp" is-config="true" duration-ms="7212" started-at="2019-11-14T10:24:11Z" finished-at="2019-11-14T10:24:19Z">
          <reporter-output>
          </reporter-output>
        </test-method> <!-- OpenApp -->
        <test-method status="FAIL" signature="testcase4()[pri:0, instance:com.vtiger.Testpom.TestCreateInvoice@51081592]" name="testcase4" duration-ms="51634" started-at="2019-11-14T10:24:19Z" finished-at="2019-11-14T10:25:10Z">
          <exception class="org.openqa.selenium.NoSuchElementException">
            <message>
              <![CDATA[no such element: Unable to locate element: {"method":"xpath","selector":"//tr[@id='row_6']//input"}
  (Session info: chrome=78.0.3904.97)
For documentation on this error, please visit: https://www.seleniumhq.org/exceptions/no_such_element.html
Build info: version: '3.141.59', revision: 'e82be7d358', time: '2018-11-14T08:25:53'
System info: host: 'CUTEANGEL', ip: '192.168.43.161', os.name: 'Windows 8', os.arch: 'amd64', os.version: '6.2', java.version: '1.8.0_221'
Driver info: org.openqa.selenium.chrome.ChromeDriver
Capabilities {acceptInsecureCerts: false, browserName: chrome, browserVersion: 78.0.3904.97, chrome: {chromedriverVersion: 77.0.3865.40 (f484704e052e0..., userDataDir: C:\Users\CHANDR~1\AppData\L...}, goog:chromeOptions: {debuggerAddress: localhost:10710}, javascriptEnabled: true, networkConnectionEnabled: false, pageLoadStrategy: normal, platform: XP, platformName: XP, proxy: Proxy(), setWindowRect: true, strictFileInteractability: false, timeouts: {implicit: 0, pageLoad: 300000, script: 30000}, unhandledPromptBehavior: dismiss and notify}
Session ID: f192f2d417259fbd3c383a7bb564a8cc
*** Element info: {Using=xpath, value=//tr[@id='row_6']//input}]]>
            </message>
            <full-stacktrace>
              <![CDATA[org.openqa.selenium.NoSuchElementException: no such element: Unable to locate element: {"method":"xpath","selector":"//tr[@id='row_6']//input"}
  (Session info: chrome=78.0.3904.97)
For documentation on this error, please visit: https://www.seleniumhq.org/exceptions/no_such_element.html
Build info: version: '3.141.59', revision: 'e82be7d358', time: '2018-11-14T08:25:53'
System info: host: 'CUTEANGEL', ip: '192.168.43.161', os.name: 'Windows 8', os.arch: 'amd64', os.version: '6.2', java.version: '1.8.0_221'
Driver info: org.openqa.selenium.chrome.ChromeDriver
Capabilities {acceptInsecureCerts: false, browserName: chrome, browserVersion: 78.0.3904.97, chrome: {chromedriverVersion: 77.0.3865.40 (f484704e052e0..., userDataDir: C:\Users\CHANDR~1\AppData\L...}, goog:chromeOptions: {debuggerAddress: localhost:10710}, javascriptEnabled: true, networkConnectionEnabled: false, pageLoadStrategy: normal, platform: XP, platformName: XP, proxy: Proxy(), setWindowRect: true, strictFileInteractability: false, timeouts: {implicit: 0, pageLoad: 300000, script: 30000}, unhandledPromptBehavior: dismiss and notify}
Session ID: f192f2d417259fbd3c383a7bb564a8cc
*** Element info: {Using=xpath, value=//tr[@id='row_6']//input}
	at sun.reflect.NativeConstructorAccessorImpl.newInstance0(Native Method)
	at sun.reflect.NativeConstructorAccessorImpl.newInstance(NativeConstructorAccessorImpl.java:62)
	at sun.reflect.DelegatingConstructorAccessorImpl.newInstance(DelegatingConstructorAccessorImpl.java:45)
	at java.lang.reflect.Constructor.newInstance(Constructor.java:423)
	at org.openqa.selenium.remote.http.W3CHttpResponseCodec.createException(W3CHttpResponseCodec.java:187)
	at org.openqa.selenium.remote.http.W3CHttpResponseCodec.decode(W3CHttpResponseCodec.java:122)
	at org.openqa.selenium.remote.http.W3CHttpResponseCodec.decode(W3CHttpResponseCodec.java:49)
	at org.openqa.selenium.remote.HttpCommandExecutor.execute(HttpCommandExecutor.java:158)
	at org.openqa.selenium.remote.service.DriverCommandExecutor.execute(DriverCommandExecutor.java:83)
	at org.openqa.selenium.remote.RemoteWebDriver.execute(RemoteWebDriver.java:552)
	at org.openqa.selenium.remote.RemoteWebDriver.findElement(RemoteWebDriver.java:323)
	at org.openqa.selenium.remote.RemoteWebDriver.findElementByXPath(RemoteWebDriver.java:428)
	at org.openqa.selenium.By$ByXPath.findElement(By.java:353)
	at org.openqa.selenium.remote.RemoteWebDriver.findElement(RemoteWebDriver.java:315)
	at org.openqa.selenium.support.pagefactory.DefaultElementLocator.findElement(DefaultElementLocator.java:69)
	at org.openqa.selenium.support.pagefactory.internal.LocatingElementHandler.invoke(LocatingElementHandler.java:38)
	at com.sun.proxy.$Proxy9.click(Unknown Source)
	at com.vtiger.pom.Delete.delcheckbox(Delete.java:22)
	at com.vtiger.Testpom.TestCreateInvoice.testcase4(TestCreateInvoice.java:149)
	at sun.reflect.NativeMethodAccessorImpl.invoke0(Native Method)
	at sun.reflect.NativeMethodAccessorImpl.invoke(NativeMethodAccessorImpl.java:62)
	at sun.reflect.DelegatingMethodAccessorImpl.invoke(DelegatingMethodAccessorImpl.java:43)
	at java.lang.reflect.Method.invoke(Method.java:498)
	at org.testng.internal.MethodInvocationHelper.invokeMethod(MethodInvocationHelper.java:100)
	at org.testng.internal.Invoker.invokeMethod(Invoker.java:646)
	at org.testng.internal.Invoker.invokeTestMethod(Invoker.java:811)
	at org.testng.internal.Invoker.invokeTestMethods(Invoker.java:1129)
	at org.testng.internal.TestMethodWorker.invokeTestMethods(TestMethodWorker.java:129)
	at org.testng.internal.TestMethodWorker.run(TestMethodWorker.java:112)
	at org.testng.TestRunner.privateRun(TestRunner.java:746)
	at org.testng.TestRunner.run(TestRunner.java:600)
	at org.testng.SuiteRunner.runTest(SuiteRunner.java:366)
	at org.testng.SuiteRunner.runSequentially(SuiteRunner.java:361)
	at org.testng.SuiteRunner.privateRun(SuiteRunner.java:319)
	at org.testng.SuiteRunner.run(SuiteRunner.java:268)
	at org.testng.SuiteRunnerWorker.runSuite(SuiteRunnerWorker.java:52)
	at org.testng.SuiteRunnerWorker.run(SuiteRunnerWorker.java:86)
	at org.testng.TestNG.runSuitesSequentially(TestNG.java:1264)
	at org.testng.TestNG.runSuitesLocally(TestNG.java:1189)
	at org.testng.TestNG.runSuites(TestNG.java:1104)
	at org.testng.TestNG.run(TestNG.java:1076)
	at org.testng.remote.AbstractRemoteTestNG.run(AbstractRemoteTestNG.java:126)
	at org.testng.remote.RemoteTestNG.initAndRun(RemoteTestNG.java:152)
	at org.testng.remote.RemoteTestNG.main(RemoteTestNG.java:57)
]]>
            </full-stacktrace>
          </exception> <!-- org.openqa.selenium.NoSuchElementException -->
          <reporter-output>
          </reporter-output>
        </test-method> <!-- testcase4 -->
        <test-method status="PASS" signature="closeApp(org.testng.ITestResult)[pri:0, instance:com.vtiger.Testpom.TestCreateInvoice@51081592]" name="closeApp" is-config="true" duration-ms="1" started-at="2019-11-14T10:25:10Z" finished-at="2019-11-14T10:25:10Z">
          <params>
            <param index="0">
              <value>
                <![CDATA[[TestResult name=testcase4 status=FAILURE method=TestCreateInvoice.testcase4()[pri:0, instance:com.vtiger.Testpom.TestCreateInvoice@51081592] output={null}]]]>
              </value>
            </param>
          </params>
          <reporter-output>
            <line>
              <![CDATA[testtestcase4 is failed]]>
            </line>
          </reporter-output>
        </test-method> <!-- closeApp -->
        <test-method status="PASS" signature="OpenApp()[pri:0, instance:com.vtiger.Testpom.TestCreateInvoice@51081592]" name="OpenApp" is-config="true" duration-ms="8734" started-at="2019-11-14T10:25:10Z" finished-at="2019-11-14T10:25:19Z">
          <reporter-output>
          </reporter-output>
        </test-method> <!-- OpenApp -->
        <test-method status="PASS" signature="testcase5()[pri:0, instance:com.vtiger.Testpom.TestCreateInvoice@51081592]" name="testcase5" duration-ms="41137" started-at="2019-11-14T10:25:19Z" finished-at="2019-11-14T10:26:00Z">
          <reporter-output>
          </reporter-output>
        </test-method> <!-- testcase5 -->
        <test-method status="PASS" signature="closeApp(org.testng.ITestResult)[pri:0, instance:com.vtiger.Testpom.TestCreateInvoice@51081592]" name="closeApp" is-config="true" duration-ms="1" started-at="2019-11-14T10:26:00Z" finished-at="2019-11-14T10:26:00Z">
          <params>
            <param index="0">
              <value>
                <![CDATA[[TestResult name=testcase5 status=SUCCESS method=TestCreateInvoice.testcase5()[pri:0, instance:com.vtiger.Testpom.TestCreateInvoice@51081592] output={null}]]]>
              </value>
            </param>
          </params>
          <reporter-output>
            <line>
              <![CDATA[Test testcase5 is passed]]>
            </line>
          </reporter-output>
        </test-method> <!-- closeApp -->
        <test-method status="PASS" signature="OpenApp()[pri:0, instance:com.vtiger.Testpom.TestCreateInvoice@51081592]" name="OpenApp" is-config="true" duration-ms="7522" started-at="2019-11-14T10:26:00Z" finished-at="2019-11-14T10:26:08Z">
          <reporter-output>
          </reporter-output>
        </test-method> <!-- OpenApp -->
        <test-method status="PASS" signature="testcase6()[pri:0, instance:com.vtiger.Testpom.TestCreateInvoice@51081592]" name="testcase6" duration-ms="47246" started-at="2019-11-14T10:26:08Z" finished-at="2019-11-14T10:26:55Z">
          <reporter-output>
          </reporter-output>
        </test-method> <!-- testcase6 -->
        <test-method status="PASS" signature="closeApp(org.testng.ITestResult)[pri:0, instance:com.vtiger.Testpom.TestCreateInvoice@51081592]" name="closeApp" is-config="true" duration-ms="0" started-at="2019-11-14T10:26:55Z" finished-at="2019-11-14T10:26:55Z">
          <params>
            <param index="0">
              <value>
                <![CDATA[[TestResult name=testcase6 status=SUCCESS method=TestCreateInvoice.testcase6()[pri:0, instance:com.vtiger.Testpom.TestCreateInvoice@51081592] output={null}]]]>
              </value>
            </param>
          </params>
          <reporter-output>
            <line>
              <![CDATA[Test testcase6 is passed]]>
            </line>
          </reporter-output>
        </test-method> <!-- closeApp -->
      </class> <!-- com.vtiger.Testpom.TestCreateInvoice -->
    </test> <!-- Default test -->
  </suite> <!-- Default suite -->
</testng-results>
